<?xml version="1.0" encoding="UTF-8"?>
<testng-results ignored="0" total="2" passed="2" failed="0" skipped="0">
  <reporter-output>
  </reporter-output>
  <suite started-at="2025-08-13T00:20:38 IST" name="Default suite" finished-at="2025-08-13T00:20:51 IST" duration-ms="13275">
    <groups>
      <group name="cucumber">
        <method signature="AbstractTestNGCucumberTests.runScenario(io.cucumber.testng.PickleWrapper,io.cucumber.testng.FeatureWrapper)[pri:0, instance:Runner.TestRunner@7770f470]" name="runScenario" class="io.cucumber.testng.AbstractTestNGCucumberTests"/>
      </group> <!-- cucumber -->
    </groups>
    <test started-at="2025-08-13T00:20:38 IST" name="Default test" finished-at="2025-08-13T00:20:51 IST" duration-ms="13275">
      <class name="Runner.TestRunner">
        <test-method is-config="true" signature="setUpClass(org.testng.ITestContext)[pri:0, instance:Runner.TestRunner@7770f470]" started-at="2025-08-13T00:20:38 IST" name="setUpClass" finished-at="2025-08-13T00:20:39 IST" duration-ms="946" status="PASS">
          <params>
            <param index="0">
              <value>
                <![CDATA[org.testng.TestRunner@21a5b599]]>
              </value>
            </param>
          </params>
          <reporter-output>
          </reporter-output>
        </test-method> <!-- setUpClass -->
        <test-method signature="runScenario(io.cucumber.testng.PickleWrapper,io.cucumber.testng.FeatureWrapper)[pri:0, instance:Runner.TestRunner@7770f470]" started-at="2025-08-13T00:20:39 IST" name="runScenario" description="Runs Cucumber Scenarios" data-provider="scenarios" finished-at="2025-08-13T00:20:50 IST" duration-ms="11044" status="PASS">
          <params>
            <param index="0">
              <value>
                <![CDATA["Test Create User API"]]>
              </value>
            </param>
            <param index="1">
              <value>
                <![CDATA["Go Rest API Automation"]]>
              </value>
            </param>
          </params>
          <reporter-output>
          </reporter-output>
        </test-method> <!-- runScenario -->
        <test-method signature="runScenario(io.cucumber.testng.PickleWrapper,io.cucumber.testng.FeatureWrapper)[pri:0, instance:Runner.TestRunner@7770f470]" started-at="2025-08-13T00:20:50 IST" name="runScenario" description="Runs Cucumber Scenarios" data-provider="scenarios" finished-at="2025-08-13T00:20:51 IST" duration-ms="1166" status="PASS">
          <params>
            <param index="0">
              <value>
                <![CDATA["Test Get User API by ID"]]>
              </value>
            </param>
            <param index="1">
              <value>
                <![CDATA["Go Rest API Automation"]]>
              </value>
            </param>
          </params>
          <reporter-output>
          </reporter-output>
        </test-method> <!-- runScenario -->
        <test-method is-config="true" signature="tearDownClass()[pri:0, instance:Runner.TestRunner@7770f470]" started-at="2025-08-13T00:20:51 IST" name="tearDownClass" finished-at="2025-08-13T00:20:51 IST" duration-ms="5" status="PASS">
          <reporter-output>
          </reporter-output>
        </test-method> <!-- tearDownClass -->
      </class> <!-- Runner.TestRunner -->
    </test> <!-- Default test -->
  </suite> <!-- Default suite -->
</testng-results>
