<?xml version="1.0" encoding="UTF-8"?>
<testng-results ignored="0" total="1" passed="1" failed="0" skipped="0">
  <reporter-output>
  </reporter-output>
  <suite started-at="2025-09-07T20:45:50 IST" name="Default suite" finished-at="2025-09-07T20:46:07 IST" duration-ms="16886">
    <groups>
      <group name="cucumber">
        <method signature="AbstractTestNGCucumberTests.runScenario(io.cucumber.testng.PickleWrapper,io.cucumber.testng.FeatureWrapper)[pri:0, instance:Runner.TestRunner@3d34d211]" name="runScenario" class="io.cucumber.testng.AbstractTestNGCucumberTests"/>
      </group> <!-- cucumber -->
    </groups>
    <test started-at="2025-09-07T20:45:50 IST" name="Default test" finished-at="2025-09-07T20:46:07 IST" duration-ms="16886">
      <class name="Runner.TestRunner">
        <test-method is-config="true" signature="setUpClass(org.testng.ITestContext)[pri:0, instance:Runner.TestRunner@3d34d211]" started-at="2025-09-07T20:45:50 IST" name="setUpClass" finished-at="2025-09-07T20:45:52 IST" duration-ms="2353" status="PASS">
          <params>
            <param index="0">
              <value>
                <![CDATA[org.testng.TestRunner@4a29fe2e]]>
              </value>
            </param>
          </params>
          <reporter-output>
          </reporter-output>
        </test-method> <!-- setUpClass -->
        <test-method signature="runScenario(io.cucumber.testng.PickleWrapper,io.cucumber.testng.FeatureWrapper)[pri:0, instance:Runner.TestRunner@3d34d211]" started-at="2025-09-07T20:45:52 IST" name="runScenario" description="Runs Cucumber Scenarios" data-provider="scenarios" finished-at="2025-09-07T20:46:06 IST" duration-ms="13874" status="PASS">
          <params>
            <param index="0">
              <value>
                <![CDATA["Test Create User API"]]>
              </value>
            </param>
            <param index="1">
              <value>
                <![CDATA["Go Rest API Automation"]]>
              </value>
            </param>
          </params>
          <reporter-output>
          </reporter-output>
        </test-method> <!-- runScenario -->
        <test-method is-config="true" signature="tearDownClass()[pri:0, instance:Runner.TestRunner@3d34d211]" started-at="2025-09-07T20:46:06 IST" name="tearDownClass" finished-at="2025-09-07T20:46:07 IST" duration-ms="583" status="PASS">
          <reporter-output>
          </reporter-output>
        </test-method> <!-- tearDownClass -->
      </class> <!-- Runner.TestRunner -->
    </test> <!-- Default test -->
  </suite> <!-- Default suite -->
</testng-results>
