<?xml version="1.0" encoding="UTF-8"?>
<testng-results ignored="0" total="1" passed="1" failed="0" skipped="0">
  <reporter-output>
  </reporter-output>
  <suite started-at="2025-08-08T01:04:34 IST" name="Default suite" finished-at="2025-08-08T01:04:39 IST" duration-ms="5114">
    <groups>
    </groups>
    <test started-at="2025-08-08T01:04:34 IST" name="Default test" finished-at="2025-08-08T01:04:39 IST" duration-ms="5114">
      <class name="StepDefinition.StepDefinition">
        <test-method signature="delfunction()[pri:0, instance:StepDefinition.StepDefinition@5b8dfcc1]" started-at="2025-08-08T01:04:34 IST" name="delfunction" finished-at="2025-08-08T01:04:39 IST" duration-ms="5023" status="PASS">
          <reporter-output>
          </reporter-output>
        </test-method> <!-- delfunction -->
      </class> <!-- StepDefinition.StepDefinition -->
    </test> <!-- Default test -->
  </suite> <!-- Default suite -->
</testng-results>
